2020-03-12T02:22:23.019Z - normal: Load ~/.CocosCreator/settings.json
2020-03-12T02:22:23.059Z - normal: Initializing Asset Database
2020-03-12T02:22:23.061Z - normal: checking language setting...
2020-03-12T02:22:23.061Z - normal: Language: zh
2020-03-12T02:22:23.910Z - success: preview server running at http://localhost:7456
2020-03-12T02:22:23.959Z - success: protocol editor-framework registered
2020-03-12T02:22:23.960Z - success: protocol app registered
2020-03-12T02:22:23.960Z - success: protocol theme registered
2020-03-12T02:22:23.960Z - success: protocol packages registered
2020-03-12T02:22:23.960Z - success: protocol uuid registerred
2020-03-12T02:22:23.960Z - success: protocol db registerred
2020-03-12T02:22:23.960Z - success: protocol thumbnail registerred
2020-03-12T02:22:23.960Z - success: protocol unpack registerred
2020-03-12T02:22:23.960Z - success: protocol disable-commonjs registerred
2020-03-12T02:22:24.169Z - normal: connected!
2020-03-12T02:22:24.171Z - normal: Check project /Users/mimi/Documents/mycode/cocos/LoopList
2020-03-12T02:22:24.177Z - normal: Initializing project /Users/mimi/Documents/mycode/cocos/LoopList
2020-03-12T02:22:24.188Z - success: adapters loaded
2020-03-12T02:22:24.191Z - success: asset-db-debugger loaded
2020-03-12T02:22:24.256Z - success: fb-audience-network loaded
2020-03-12T02:22:24.283Z - success: fb-live-stream loaded
2020-03-12T02:22:24.286Z - success: google-play-instant loaded
2020-03-12T02:22:24.287Z - success: huawei-adapter loaded
2020-03-12T02:22:24.288Z - success: jkw-adapter loaded
2020-03-12T02:22:24.288Z - success: jsb-adapter loaded
2020-03-12T02:22:24.289Z - success: oppo-adapter loaded
2020-03-12T02:22:24.293Z - success: package-manager loaded
2020-03-12T02:22:24.293Z - success: qtt-adapter loaded
2020-03-12T02:22:24.295Z - success: runtime-dev-tools loaded
2020-03-12T02:22:24.301Z - success: sdkbox loaded
2020-03-12T02:22:24.304Z - success: ui-kit-preview-extra loaded
2020-03-12T02:22:24.306Z - success: ui-kit-preview loaded
2020-03-12T02:22:24.307Z - success: vivo-adapter loaded
2020-03-12T02:22:24.357Z - success: alipay-minigame loaded
2020-03-12T02:22:24.416Z - success: assets loaded
2020-03-12T02:22:24.418Z - success: baidugame-opendata loaded
2020-03-12T02:22:24.419Z - success: baidugame loaded
2020-03-12T02:22:24.422Z - success: builder loaded
2020-03-12T02:22:24.538Z - success: cocos-services loaded
2020-03-12T02:22:24.541Z - success: console loaded
2020-03-12T02:22:24.542Z - success: curve-editor loaded
2020-03-12T02:22:24.552Z - success: fb-instant-games loaded
2020-03-12T02:22:24.555Z - success: game-window loaded
2020-03-12T02:22:24.556Z - success: google-instant-games loaded
2020-03-12T02:22:24.559Z - success: hierarchy loaded
2020-03-12T02:22:24.561Z - success: huawei-runtime loaded
2020-03-12T02:22:24.564Z - success: inspector loaded
2020-03-12T02:22:24.617Z - success: cpk-publish loaded
2020-03-12T02:22:24.617Z - success: keystore loaded
2020-03-12T02:22:24.622Z - success: node-library loaded
2020-03-12T02:22:24.622Z - success: open-recent-items loaded
2020-03-12T02:22:24.625Z - success: oppo-runtime loaded
2020-03-12T02:22:24.626Z - success: package-asset loaded
2020-03-12T02:22:24.626Z - success: preferences loaded
2020-03-12T02:22:24.630Z - success: project-importer loaded
2020-03-12T02:22:24.631Z - success: project-settings loaded
2020-03-12T02:22:24.644Z - success: qtt-runtime loaded
2020-03-12T02:22:24.647Z - success: scene loaded
2020-03-12T02:22:24.648Z - success: simulator-debugger loaded
2020-03-12T02:22:24.648Z - success: sprite-editor loaded
2020-03-12T02:22:24.651Z - success: store loaded
2020-03-12T02:22:24.654Z - success: timeline loaded
2020-03-12T02:22:24.657Z - success: vivo-runtime loaded
2020-03-12T02:22:24.659Z - success: wechatgame-opendata loaded
2020-03-12T02:22:24.662Z - success: wechatgame loaded
2020-03-12T02:22:24.665Z - success: xiaomi-runtime loaded
2020-03-12T02:22:25.877Z - normal: Initializing Cocos2d
2020-03-12T02:22:26.185Z - normal: Initializing engine extends
2020-03-12T02:22:30.716Z - normal: Loading packages
2020-03-12T02:22:30.718Z - normal: Watching packages
2020-03-12T02:22:30.805Z - normal: Run Application
2020-03-12T02:34:47.583Z - warn: The Scrollbar referenced by component "cc.ScrollView" is invalid. Detailed information:
Node path: "Canvas/hor/hlist"

2020-03-12T02:35:15.741Z - warn: The Scrollbar referenced by component "cc.ScrollView" is invalid. Detailed information:
Node path: "Canvas/hor/hlist"

2020-03-12T02:49:35.577Z - warn: Please change the definition of property 'audioClip' in class 'Touchable'. Starting from v1.10,
properties in CCClass can not be abbreviated if they are of type RawAsset.
Please use the complete form.
For example, if the type is Texture2D, the previous definition is:
    audioClip: cc.Texture2D,
If you use JS, it should be changed to:
    audioClip: {
      type: cc.Texture2D // use 'type:' to define Texture2D object directly
      default: null,     // object's default value is null
    },
If you use TS, it should be changed to:
    %s: {
      type: cc.Texture2D // use 'type:' to define Texture2D object directly
    }
    %s: cc.Texture2D = null;
(This helps us to successfully refactor all RawAssets at v2.0, sorry for the inconvenience. 😰 )
2020-03-12T02:51:44.150Z - warn: Please change the definition of property 'audioClip' in class 'Touchable'. Starting from v1.10,
properties in CCClass can not be abbreviated if they are of type RawAsset.
Please use the complete form.
For example, if the type is Texture2D, the previous definition is:
    audioClip: cc.Texture2D,
If you use JS, it should be changed to:
    audioClip: {
      type: cc.Texture2D // use 'type:' to define Texture2D object directly
      default: null,     // object's default value is null
    },
If you use TS, it should be changed to:
    %s: {
      type: cc.Texture2D // use 'type:' to define Texture2D object directly
    }
    %s: cc.Texture2D = null;
(This helps us to successfully refactor all RawAssets at v2.0, sorry for the inconvenience. 😰 )
2020-03-12T02:53:39.021Z - normal: Simulator: WORKAREA WIDTH 1440.00, HEIGHT 855.00
2020-03-12T02:53:39.021Z - normal: Simulator: FRAME SCALE = 0.50
2020-03-12T02:53:39.277Z - normal: Simulator: GLFWError #65544 Happen, Cocoa: Failed to retrieve display name
2020-03-12T02:53:39.278Z - normal: Simulator: 
2020-03-12T02:53:39.278Z - normal: Simulator: {
2020-03-12T02:53:39.279Z - normal: Simulator: 	gl.supports_float_texture: true
2020-03-12T02:53:39.279Z - normal: Simulator: 	gl.supports_ATITC: false
2020-03-12T02:53:39.279Z - normal: Simulator: 	gl.supports_discard_framebuffer: false
2020-03-12T02:53:39.279Z - normal: Simulator: 	gl.supports_NPOT: true
2020-03-12T02:53:39.280Z - normal: Simulator: 	gl.supports_ETC2: false
2020-03-12T02:53:39.280Z - normal: Simulator: 	build_type: DEBUG
2020-03-12T02:53:39.280Z - normal: Simulator: 	gl.vendor: NVIDIA Corporation
2020-03-12T02:53:39.280Z - normal: Simulator: 	gl.renderer: NVIDIA GeForce GT 750M OpenGL Engine
2020-03-12T02:53:39.280Z - normal: Simulator: 	gl.supports_PVRTC: false
2020-03-12T02:53:39.281Z - normal: Simulator: 	gl.supports_ETC1: false
2020-03-12T02:53:39.281Z - normal: Simulator: 	gl.supports_BGRA8888: false
2020-03-12T02:53:39.281Z - normal: Simulator: 	gl.max_texture_size: 16384
2020-03-12T02:53:39.281Z - normal: Simulator: 	gl.max_texture_units: 16
2020-03-12T02:53:39.281Z - normal: Simulator: 	gl.supports_OES_packed_depth_stencil: false
2020-03-12T02:53:39.281Z - normal: Simulator: 	compiled_with_gl_state_cache: true
2020-03-12T02:53:39.282Z - normal: Simulator: 	gl.supports_OES_map_buffer: false
2020-03-12T02:53:39.282Z - normal: Simulator: 	gl.supports_vertex_array_object: true
2020-03-12T02:53:39.282Z - normal: Simulator: 	gl.supports_S3TC: true
2020-03-12T02:53:39.282Z - normal: Simulator: 	gl.version: 2.1 NVIDIA-12.0.23 355.11.10.50.10.103
2020-03-12T02:53:39.283Z - normal: Simulator: 	compiled_with_profiler: false
2020-03-12T02:53:39.283Z - normal: Simulator: 	gl.supports_OES_depth24: false
2020-03-12T02:53:39.283Z - normal: Simulator: }
2020-03-12T02:53:39.310Z - normal: Simulator: Project Config:
2020-03-12T02:53:39.311Z - normal: Simulator:     project dir: /Applications/CocosCreator.app/Contents/Resources/cocos2d-x/simulator/mac/Simulator.app/Contents/Resources/
2020-03-12T02:53:39.311Z - normal: Simulator:     writable path: $(PROJDIR)/
2020-03-12T02:53:39.311Z - normal: Simulator:     script file: $(PROJDIR)/main.js
2020-03-12T02:53:39.311Z - normal: Simulator:     frame size: 750 x 1334
2020-03-12T02:53:39.312Z - normal: Simulator:     frame scale: 0.50
2020-03-12T02:53:39.312Z - normal: Simulator:     show console: NO
2020-03-12T02:53:39.312Z - normal: Simulator:     write debug log: NO ()
2020-03-12T02:53:39.312Z - normal: Simulator:     listen: 
2020-03-12T02:53:39.313Z - normal: Simulator:     debugger: none
2020-03-12T02:53:39.314Z - normal: Simulator:     add searching path:
2020-03-12T02:53:39.316Z - normal: Simulator: resetDesignResolution request
2020-03-12T02:53:39.316Z - normal: Simulator: ------------------------------------------------
2020-03-12T02:53:39.316Z - normal: Simulator: LOAD Js FILE: jsb-adapter/jsb-builtin.js
2020-03-12T02:53:39.317Z - normal: Simulator: ------------------------------------------------
2020-03-12T02:53:39.317Z - normal: Simulator: Initializing V8, version: 7.5.288.22
2020-03-12T02:53:39.361Z - normal: Simulator: libuv version: 1.23.1-dev
2020-03-12T02:53:39.365Z - normal: Simulator: Debugger listening..., visit [ chrome-devtools://devtools/bundled/js_app.html?v8only=true&ws=0.0.0.0:5086/00010002-0003-4004-8005-000600070008 ] in chrome browser to debug!
2020-03-12T02:53:39.365Z - normal: Simulator: For help see https://nodejs.org/en/docs/inspector
2020-03-12T02:53:39.449Z - normal: Simulator: JS: Enable batch GL commands optimization!
2020-03-12T02:53:39.451Z - normal: Simulator: resetDesignResolution request
2020-03-12T02:53:39.451Z - normal: Simulator: ------------------------------------------------
2020-03-12T02:53:39.451Z - normal: Simulator: LOAD Js FILE: main.js
2020-03-12T02:53:39.452Z - normal: Simulator: ------------------------------------------------
2020-03-12T02:53:39.725Z - normal: Simulator: JS: [WARN]: Please change the definition of property 'audioClip' in class 'Touchable'. Starting from v1.10,
2020-03-12T02:53:39.726Z - normal: Simulator: properties in CCClass can not be abbreviated if they are of type RawAsset.
2020-03-12T02:53:39.726Z - normal: Simulator: Please use the complete form.
2020-03-12T02:53:39.726Z - normal: Simulator: For example, if the type is Texture2D, the previous definition is:
2020-03-12T02:53:39.726Z - normal: Simulator:     audioClip: cc.Texture2D,
2020-03-12T02:53:39.726Z - normal: Simulator: If you use JS, it should be changed to:
2020-03-12T02:53:39.727Z - normal: Simulator:     audioClip: {
2020-03-12T02:53:39.727Z - normal: Simulator:       type: cc.Texture2D // use 'type:' to define Texture2D object directly
2020-03-12T02:53:39.727Z - normal: Simulator:       default: null,     // object's default value is null
2020-03-12T02:53:39.727Z - normal: Simulator:     },
2020-03-12T02:53:39.728Z - normal: Simulator: If you use TS, it should be changed to:
2020-03-12T02:53:39.728Z - normal: Simulator:     %s: {
2020-03-12T02:53:39.728Z - normal: Simulator:       type: cc.Texture2D // use 'type:' to define Texture2D object directly
2020-03-12T02:53:39.728Z - normal: Simulator:     }
2020-03-12T02:53:39.729Z - normal: Simulator:     %s: cc.Texture2D = null;
2020-03-12T02:53:39.729Z - normal: Simulator: (This helps us to successfully refactor all RawAssets at v2.0, sorry for the inconvenience. 😰 )
2020-03-12T02:53:40.149Z - normal: Simulator: D/renderer (616): Device caps: maxVextexTextures: 16, maxFragUniforms: 1024, maxTextureUints: 16, maxVertexAttributes: 16, maxDrawBuffers: 8, maxColorAttatchments: 8
2020-03-12T02:53:40.150Z - normal: Simulator: iShow!
2020-03-12T02:53:40.235Z - warn: Simulator: libpng warning: iCCP: known incorrect sRGB profile
2020-03-12T02:53:40.253Z - normal: Simulator: JS: Cocos Creator v2.3.1
2020-03-12T02:53:40.315Z - normal: Simulator: JS: hlist<LoopList> left:0 right:0
2020-03-12T02:53:40.389Z - normal: Simulator: JS: hlist<LoopList> left:0 right:0
2020-03-12T02:53:49.321Z - normal: Simulator: ScriptEngine::cleanup begin ...
2020-03-12T02:53:49.321Z - normal: Simulator: GC begin ..., (js->native map) size: 174, all objects: 449
2020-03-12T02:53:49.351Z - normal: Simulator: GC end ..., (js->native map) size: 135, all objects: 410
2020-03-12T02:53:49.351Z - normal: Simulator: GC begin ..., (js->native map) size: 135, all objects: 410
2020-03-12T02:53:49.374Z - normal: Simulator: GC end ..., (js->native map) size: 135, all objects: 410
2020-03-12T02:53:49.375Z - normal: Simulator: GC begin ..., (js->native map) size: 0, all objects: 0
2020-03-12T02:53:49.417Z - normal: Simulator: GC end ..., (js->native map) size: 0, all objects: 0
2020-03-12T02:53:49.421Z - normal: Simulator: ScriptEngine::cleanup end ...
2020-03-12T03:03:56.875Z - warn: Please change the definition of property 'audioClip' in class 'Touchable'. Starting from v1.10,
properties in CCClass can not be abbreviated if they are of type RawAsset.
Please use the complete form.
For example, if the type is Texture2D, the previous definition is:
    audioClip: cc.Texture2D,
If you use JS, it should be changed to:
    audioClip: {
      type: cc.Texture2D // use 'type:' to define Texture2D object directly
      default: null,     // object's default value is null
    },
If you use TS, it should be changed to:
    %s: {
      type: cc.Texture2D // use 'type:' to define Texture2D object directly
    }
    %s: cc.Texture2D = null;
(This helps us to successfully refactor all RawAssets at v2.0, sorry for the inconvenience. 😰 )
2020-03-12T03:04:31.919Z - warn: Please change the definition of property 'audioClip' in class 'Touchable'. Starting from v1.10,
properties in CCClass can not be abbreviated if they are of type RawAsset.
Please use the complete form.
For example, if the type is Texture2D, the previous definition is:
    audioClip: cc.Texture2D,
If you use JS, it should be changed to:
    audioClip: {
      type: cc.Texture2D // use 'type:' to define Texture2D object directly
      default: null,     // object's default value is null
    },
If you use TS, it should be changed to:
    %s: {
      type: cc.Texture2D // use 'type:' to define Texture2D object directly
    }
    %s: cc.Texture2D = null;
(This helps us to successfully refactor all RawAssets at v2.0, sorry for the inconvenience. 😰 )
2020-03-12T03:05:42.502Z - warn: Please change the definition of property 'audioClip' in class 'Touchable'. Starting from v1.10,
properties in CCClass can not be abbreviated if they are of type RawAsset.
Please use the complete form.
For example, if the type is Texture2D, the previous definition is:
    audioClip: cc.Texture2D,
If you use JS, it should be changed to:
    audioClip: {
      type: cc.Texture2D // use 'type:' to define Texture2D object directly
      default: null,     // object's default value is null
    },
If you use TS, it should be changed to:
    %s: {
      type: cc.Texture2D // use 'type:' to define Texture2D object directly
    }
    %s: cc.Texture2D = null;
(This helps us to successfully refactor all RawAssets at v2.0, sorry for the inconvenience. 😰 )
2020-03-12T03:07:20.085Z - warn: Please change the definition of property 'audioClip' in class 'Touchable'. Starting from v1.10,
properties in CCClass can not be abbreviated if they are of type RawAsset.
Please use the complete form.
For example, if the type is Texture2D, the previous definition is:
    audioClip: cc.Texture2D,
If you use JS, it should be changed to:
    audioClip: {
      type: cc.Texture2D // use 'type:' to define Texture2D object directly
      default: null,     // object's default value is null
    },
If you use TS, it should be changed to:
    %s: {
      type: cc.Texture2D // use 'type:' to define Texture2D object directly
    }
    %s: cc.Texture2D = null;
(This helps us to successfully refactor all RawAssets at v2.0, sorry for the inconvenience. 😰 )
2020-03-12T03:08:07.904Z - warn: Please change the definition of property 'audioClip' in class 'Touchable'. Starting from v1.10,
properties in CCClass can not be abbreviated if they are of type RawAsset.
Please use the complete form.
For example, if the type is Texture2D, the previous definition is:
    audioClip: cc.Texture2D,
If you use JS, it should be changed to:
    audioClip: {
      type: cc.Texture2D // use 'type:' to define Texture2D object directly
      default: null,     // object's default value is null
    },
If you use TS, it should be changed to:
    %s: {
      type: cc.Texture2D // use 'type:' to define Texture2D object directly
    }
    %s: cc.Texture2D = null;
(This helps us to successfully refactor all RawAssets at v2.0, sorry for the inconvenience. 😰 )
2020-03-12T03:08:42.646Z - warn: Please change the definition of property 'audioClip' in class 'Touchable'. Starting from v1.10,
properties in CCClass can not be abbreviated if they are of type RawAsset.
Please use the complete form.
For example, if the type is Texture2D, the previous definition is:
    audioClip: cc.Texture2D,
If you use JS, it should be changed to:
    audioClip: {
      type: cc.Texture2D // use 'type:' to define Texture2D object directly
      default: null,     // object's default value is null
    },
If you use TS, it should be changed to:
    %s: {
      type: cc.Texture2D // use 'type:' to define Texture2D object directly
    }
    %s: cc.Texture2D = null;
(This helps us to successfully refactor all RawAssets at v2.0, sorry for the inconvenience. 😰 )
2020-03-12T03:09:29.642Z - warn: Please change the definition of property 'audioClip' in class 'Touchable'. Starting from v1.10,
properties in CCClass can not be abbreviated if they are of type RawAsset.
Please use the complete form.
For example, if the type is Texture2D, the previous definition is:
    audioClip: cc.Texture2D,
If you use JS, it should be changed to:
    audioClip: {
      type: cc.Texture2D // use 'type:' to define Texture2D object directly
      default: null,     // object's default value is null
    },
If you use TS, it should be changed to:
    %s: {
      type: cc.Texture2D // use 'type:' to define Texture2D object directly
    }
    %s: cc.Texture2D = null;
(This helps us to successfully refactor all RawAssets at v2.0, sorry for the inconvenience. 😰 )
2020-03-12T03:09:59.260Z - warn: Please change the definition of property 'audioClip' in class 'Touchable'. Starting from v1.10,
properties in CCClass can not be abbreviated if they are of type RawAsset.
Please use the complete form.
For example, if the type is Texture2D, the previous definition is:
    audioClip: cc.Texture2D,
If you use JS, it should be changed to:
    audioClip: {
      type: cc.Texture2D // use 'type:' to define Texture2D object directly
      default: null,     // object's default value is null
    },
If you use TS, it should be changed to:
    %s: {
      type: cc.Texture2D // use 'type:' to define Texture2D object directly
    }
    %s: cc.Texture2D = null;
(This helps us to successfully refactor all RawAssets at v2.0, sorry for the inconvenience. 😰 )
2020-03-12T06:10:26.314Z - warn: Please change the definition of property 'audioClip' in class 'Touchable'. Starting from v1.10,
properties in CCClass can not be abbreviated if they are of type RawAsset.
Please use the complete form.
For example, if the type is Texture2D, the previous definition is:
    audioClip: cc.Texture2D,
If you use JS, it should be changed to:
    audioClip: {
      type: cc.Texture2D // use 'type:' to define Texture2D object directly
      default: null,     // object's default value is null
    },
If you use TS, it should be changed to:
    %s: {
      type: cc.Texture2D // use 'type:' to define Texture2D object directly
    }
    %s: cc.Texture2D = null;
(This helps us to successfully refactor all RawAssets at v2.0, sorry for the inconvenience. 😰 )
2020-03-12T06:12:47.491Z - warn: Please change the definition of property 'audioClip' in class 'Touchable'. Starting from v1.10,
properties in CCClass can not be abbreviated if they are of type RawAsset.
Please use the complete form.
For example, if the type is Texture2D, the previous definition is:
    audioClip: cc.Texture2D,
If you use JS, it should be changed to:
    audioClip: {
      type: cc.Texture2D // use 'type:' to define Texture2D object directly
      default: null,     // object's default value is null
    },
If you use TS, it should be changed to:
    %s: {
      type: cc.Texture2D // use 'type:' to define Texture2D object directly
    }
    %s: cc.Texture2D = null;
(This helps us to successfully refactor all RawAssets at v2.0, sorry for the inconvenience. 😰 )
2020-03-12T06:13:22.869Z - warn: Please change the definition of property 'audioClip' in class 'Touchable'. Starting from v1.10,
properties in CCClass can not be abbreviated if they are of type RawAsset.
Please use the complete form.
For example, if the type is Texture2D, the previous definition is:
    audioClip: cc.Texture2D,
If you use JS, it should be changed to:
    audioClip: {
      type: cc.Texture2D // use 'type:' to define Texture2D object directly
      default: null,     // object's default value is null
    },
If you use TS, it should be changed to:
    %s: {
      type: cc.Texture2D // use 'type:' to define Texture2D object directly
    }
    %s: cc.Texture2D = null;
(This helps us to successfully refactor all RawAssets at v2.0, sorry for the inconvenience. 😰 )
2020-03-12T06:14:52.979Z - warn: Please change the definition of property 'audioClip' in class 'Touchable'. Starting from v1.10,
properties in CCClass can not be abbreviated if they are of type RawAsset.
Please use the complete form.
For example, if the type is Texture2D, the previous definition is:
    audioClip: cc.Texture2D,
If you use JS, it should be changed to:
    audioClip: {
      type: cc.Texture2D // use 'type:' to define Texture2D object directly
      default: null,     // object's default value is null
    },
If you use TS, it should be changed to:
    %s: {
      type: cc.Texture2D // use 'type:' to define Texture2D object directly
    }
    %s: cc.Texture2D = null;
(This helps us to successfully refactor all RawAssets at v2.0, sorry for the inconvenience. 😰 )
2020-03-12T06:16:40.641Z - warn: Please change the definition of property 'audioClip' in class 'Touchable'. Starting from v1.10,
properties in CCClass can not be abbreviated if they are of type RawAsset.
Please use the complete form.
For example, if the type is Texture2D, the previous definition is:
    audioClip: cc.Texture2D,
If you use JS, it should be changed to:
    audioClip: {
      type: cc.Texture2D // use 'type:' to define Texture2D object directly
      default: null,     // object's default value is null
    },
If you use TS, it should be changed to:
    %s: {
      type: cc.Texture2D // use 'type:' to define Texture2D object directly
    }
    %s: cc.Texture2D = null;
(This helps us to successfully refactor all RawAssets at v2.0, sorry for the inconvenience. 😰 )
2020-03-12T06:19:26.893Z - warn: Please change the definition of property 'audioClip' in class 'Touchable'. Starting from v1.10,
properties in CCClass can not be abbreviated if they are of type RawAsset.
Please use the complete form.
For example, if the type is Texture2D, the previous definition is:
    audioClip: cc.Texture2D,
If you use JS, it should be changed to:
    audioClip: {
      type: cc.Texture2D // use 'type:' to define Texture2D object directly
      default: null,     // object's default value is null
    },
If you use TS, it should be changed to:
    %s: {
      type: cc.Texture2D // use 'type:' to define Texture2D object directly
    }
    %s: cc.Texture2D = null;
(This helps us to successfully refactor all RawAssets at v2.0, sorry for the inconvenience. 😰 )
2020-03-12T06:21:33.358Z - warn: Please change the definition of property 'audioClip' in class 'Touchable'. Starting from v1.10,
properties in CCClass can not be abbreviated if they are of type RawAsset.
Please use the complete form.
For example, if the type is Texture2D, the previous definition is:
    audioClip: cc.Texture2D,
If you use JS, it should be changed to:
    audioClip: {
      type: cc.Texture2D // use 'type:' to define Texture2D object directly
      default: null,     // object's default value is null
    },
If you use TS, it should be changed to:
    %s: {
      type: cc.Texture2D // use 'type:' to define Texture2D object directly
    }
    %s: cc.Texture2D = null;
(This helps us to successfully refactor all RawAssets at v2.0, sorry for the inconvenience. 😰 )
2020-03-12T06:23:09.114Z - warn: Please change the definition of property 'audioClip' in class 'Touchable'. Starting from v1.10,
properties in CCClass can not be abbreviated if they are of type RawAsset.
Please use the complete form.
For example, if the type is Texture2D, the previous definition is:
    audioClip: cc.Texture2D,
If you use JS, it should be changed to:
    audioClip: {
      type: cc.Texture2D // use 'type:' to define Texture2D object directly
      default: null,     // object's default value is null
    },
If you use TS, it should be changed to:
    %s: {
      type: cc.Texture2D // use 'type:' to define Texture2D object directly
    }
    %s: cc.Texture2D = null;
(This helps us to successfully refactor all RawAssets at v2.0, sorry for the inconvenience. 😰 )
2020-03-12T06:28:01.781Z - warn: Please change the definition of property 'audioClip' in class 'Touchable'. Starting from v1.10,
properties in CCClass can not be abbreviated if they are of type RawAsset.
Please use the complete form.
For example, if the type is Texture2D, the previous definition is:
    audioClip: cc.Texture2D,
If you use JS, it should be changed to:
    audioClip: {
      type: cc.Texture2D // use 'type:' to define Texture2D object directly
      default: null,     // object's default value is null
    },
If you use TS, it should be changed to:
    %s: {
      type: cc.Texture2D // use 'type:' to define Texture2D object directly
    }
    %s: cc.Texture2D = null;
(This helps us to successfully refactor all RawAssets at v2.0, sorry for the inconvenience. 😰 )
2020-03-12T06:28:51.013Z - warn: Please change the definition of property 'audioClip' in class 'Touchable'. Starting from v1.10,
properties in CCClass can not be abbreviated if they are of type RawAsset.
Please use the complete form.
For example, if the type is Texture2D, the previous definition is:
    audioClip: cc.Texture2D,
If you use JS, it should be changed to:
    audioClip: {
      type: cc.Texture2D // use 'type:' to define Texture2D object directly
      default: null,     // object's default value is null
    },
If you use TS, it should be changed to:
    %s: {
      type: cc.Texture2D // use 'type:' to define Texture2D object directly
    }
    %s: cc.Texture2D = null;
(This helps us to successfully refactor all RawAssets at v2.0, sorry for the inconvenience. 😰 )
2020-03-12T06:30:23.692Z - warn: Please change the definition of property 'audioClip' in class 'Touchable'. Starting from v1.10,
properties in CCClass can not be abbreviated if they are of type RawAsset.
Please use the complete form.
For example, if the type is Texture2D, the previous definition is:
    audioClip: cc.Texture2D,
If you use JS, it should be changed to:
    audioClip: {
      type: cc.Texture2D // use 'type:' to define Texture2D object directly
      default: null,     // object's default value is null
    },
If you use TS, it should be changed to:
    %s: {
      type: cc.Texture2D // use 'type:' to define Texture2D object directly
    }
    %s: cc.Texture2D = null;
(This helps us to successfully refactor all RawAssets at v2.0, sorry for the inconvenience. 😰 )
2020-03-12T06:31:01.359Z - warn: Please change the definition of property 'audioClip' in class 'Touchable'. Starting from v1.10,
properties in CCClass can not be abbreviated if they are of type RawAsset.
Please use the complete form.
For example, if the type is Texture2D, the previous definition is:
    audioClip: cc.Texture2D,
If you use JS, it should be changed to:
    audioClip: {
      type: cc.Texture2D // use 'type:' to define Texture2D object directly
      default: null,     // object's default value is null
    },
If you use TS, it should be changed to:
    %s: {
      type: cc.Texture2D // use 'type:' to define Texture2D object directly
    }
    %s: cc.Texture2D = null;
(This helps us to successfully refactor all RawAssets at v2.0, sorry for the inconvenience. 😰 )
2020-03-12T06:32:24.865Z - warn: Please change the definition of property 'audioClip' in class 'Touchable'. Starting from v1.10,
properties in CCClass can not be abbreviated if they are of type RawAsset.
Please use the complete form.
For example, if the type is Texture2D, the previous definition is:
    audioClip: cc.Texture2D,
If you use JS, it should be changed to:
    audioClip: {
      type: cc.Texture2D // use 'type:' to define Texture2D object directly
      default: null,     // object's default value is null
    },
If you use TS, it should be changed to:
    %s: {
      type: cc.Texture2D // use 'type:' to define Texture2D object directly
    }
    %s: cc.Texture2D = null;
(This helps us to successfully refactor all RawAssets at v2.0, sorry for the inconvenience. 😰 )
2020-03-12T06:37:17.868Z - warn: Please change the definition of property 'audioClip' in class 'Touchable'. Starting from v1.10,
properties in CCClass can not be abbreviated if they are of type RawAsset.
Please use the complete form.
For example, if the type is Texture2D, the previous definition is:
    audioClip: cc.Texture2D,
If you use JS, it should be changed to:
    audioClip: {
      type: cc.Texture2D // use 'type:' to define Texture2D object directly
      default: null,     // object's default value is null
    },
If you use TS, it should be changed to:
    %s: {
      type: cc.Texture2D // use 'type:' to define Texture2D object directly
    }
    %s: cc.Texture2D = null;
(This helps us to successfully refactor all RawAssets at v2.0, sorry for the inconvenience. 😰 )
2020-03-12T06:38:58.396Z - warn: Please change the definition of property 'audioClip' in class 'Touchable'. Starting from v1.10,
properties in CCClass can not be abbreviated if they are of type RawAsset.
Please use the complete form.
For example, if the type is Texture2D, the previous definition is:
    audioClip: cc.Texture2D,
If you use JS, it should be changed to:
    audioClip: {
      type: cc.Texture2D // use 'type:' to define Texture2D object directly
      default: null,     // object's default value is null
    },
If you use TS, it should be changed to:
    %s: {
      type: cc.Texture2D // use 'type:' to define Texture2D object directly
    }
    %s: cc.Texture2D = null;
(This helps us to successfully refactor all RawAssets at v2.0, sorry for the inconvenience. 😰 )
2020-03-12T06:40:05.436Z - warn: Please change the definition of property 'audioClip' in class 'Touchable'. Starting from v1.10,
properties in CCClass can not be abbreviated if they are of type RawAsset.
Please use the complete form.
For example, if the type is Texture2D, the previous definition is:
    audioClip: cc.Texture2D,
If you use JS, it should be changed to:
    audioClip: {
      type: cc.Texture2D // use 'type:' to define Texture2D object directly
      default: null,     // object's default value is null
    },
If you use TS, it should be changed to:
    %s: {
      type: cc.Texture2D // use 'type:' to define Texture2D object directly
    }
    %s: cc.Texture2D = null;
(This helps us to successfully refactor all RawAssets at v2.0, sorry for the inconvenience. 😰 )
2020-03-12T06:41:27.270Z - warn: Please change the definition of property 'audioClip' in class 'Touchable'. Starting from v1.10,
properties in CCClass can not be abbreviated if they are of type RawAsset.
Please use the complete form.
For example, if the type is Texture2D, the previous definition is:
    audioClip: cc.Texture2D,
If you use JS, it should be changed to:
    audioClip: {
      type: cc.Texture2D // use 'type:' to define Texture2D object directly
      default: null,     // object's default value is null
    },
If you use TS, it should be changed to:
    %s: {
      type: cc.Texture2D // use 'type:' to define Texture2D object directly
    }
    %s: cc.Texture2D = null;
(This helps us to successfully refactor all RawAssets at v2.0, sorry for the inconvenience. 😰 )
2020-03-12T06:44:39.677Z - warn: Please change the definition of property 'audioClip' in class 'Touchable'. Starting from v1.10,
properties in CCClass can not be abbreviated if they are of type RawAsset.
Please use the complete form.
For example, if the type is Texture2D, the previous definition is:
    audioClip: cc.Texture2D,
If you use JS, it should be changed to:
    audioClip: {
      type: cc.Texture2D // use 'type:' to define Texture2D object directly
      default: null,     // object's default value is null
    },
If you use TS, it should be changed to:
    %s: {
      type: cc.Texture2D // use 'type:' to define Texture2D object directly
    }
    %s: cc.Texture2D = null;
(This helps us to successfully refactor all RawAssets at v2.0, sorry for the inconvenience. 😰 )
2020-03-12T06:45:00.483Z - warn: Please change the definition of property 'audioClip' in class 'Touchable'. Starting from v1.10,
properties in CCClass can not be abbreviated if they are of type RawAsset.
Please use the complete form.
For example, if the type is Texture2D, the previous definition is:
    audioClip: cc.Texture2D,
If you use JS, it should be changed to:
    audioClip: {
      type: cc.Texture2D // use 'type:' to define Texture2D object directly
      default: null,     // object's default value is null
    },
If you use TS, it should be changed to:
    %s: {
      type: cc.Texture2D // use 'type:' to define Texture2D object directly
    }
    %s: cc.Texture2D = null;
(This helps us to successfully refactor all RawAssets at v2.0, sorry for the inconvenience. 😰 )
2020-03-12T06:45:31.386Z - warn: Please change the definition of property 'audioClip' in class 'Touchable'. Starting from v1.10,
properties in CCClass can not be abbreviated if they are of type RawAsset.
Please use the complete form.
For example, if the type is Texture2D, the previous definition is:
    audioClip: cc.Texture2D,
If you use JS, it should be changed to:
    audioClip: {
      type: cc.Texture2D // use 'type:' to define Texture2D object directly
      default: null,     // object's default value is null
    },
If you use TS, it should be changed to:
    %s: {
      type: cc.Texture2D // use 'type:' to define Texture2D object directly
    }
    %s: cc.Texture2D = null;
(This helps us to successfully refactor all RawAssets at v2.0, sorry for the inconvenience. 😰 )
2020-03-12T06:46:24.819Z - warn: Please change the definition of property 'audioClip' in class 'Touchable'. Starting from v1.10,
properties in CCClass can not be abbreviated if they are of type RawAsset.
Please use the complete form.
For example, if the type is Texture2D, the previous definition is:
    audioClip: cc.Texture2D,
If you use JS, it should be changed to:
    audioClip: {
      type: cc.Texture2D // use 'type:' to define Texture2D object directly
      default: null,     // object's default value is null
    },
If you use TS, it should be changed to:
    %s: {
      type: cc.Texture2D // use 'type:' to define Texture2D object directly
    }
    %s: cc.Texture2D = null;
(This helps us to successfully refactor all RawAssets at v2.0, sorry for the inconvenience. 😰 )
2020-03-12T06:49:37.600Z - warn: Please change the definition of property 'audioClip' in class 'Touchable'. Starting from v1.10,
properties in CCClass can not be abbreviated if they are of type RawAsset.
Please use the complete form.
For example, if the type is Texture2D, the previous definition is:
    audioClip: cc.Texture2D,
If you use JS, it should be changed to:
    audioClip: {
      type: cc.Texture2D // use 'type:' to define Texture2D object directly
      default: null,     // object's default value is null
    },
If you use TS, it should be changed to:
    %s: {
      type: cc.Texture2D // use 'type:' to define Texture2D object directly
    }
    %s: cc.Texture2D = null;
(This helps us to successfully refactor all RawAssets at v2.0, sorry for the inconvenience. 😰 )
2020-03-12T06:50:10.849Z - warn: Please change the definition of property 'audioClip' in class 'Touchable'. Starting from v1.10,
properties in CCClass can not be abbreviated if they are of type RawAsset.
Please use the complete form.
For example, if the type is Texture2D, the previous definition is:
    audioClip: cc.Texture2D,
If you use JS, it should be changed to:
    audioClip: {
      type: cc.Texture2D // use 'type:' to define Texture2D object directly
      default: null,     // object's default value is null
    },
If you use TS, it should be changed to:
    %s: {
      type: cc.Texture2D // use 'type:' to define Texture2D object directly
    }
    %s: cc.Texture2D = null;
(This helps us to successfully refactor all RawAssets at v2.0, sorry for the inconvenience. 😰 )
2020-03-12T06:51:00.354Z - warn: Please change the definition of property 'audioClip' in class 'Touchable'. Starting from v1.10,
properties in CCClass can not be abbreviated if they are of type RawAsset.
Please use the complete form.
For example, if the type is Texture2D, the previous definition is:
    audioClip: cc.Texture2D,
If you use JS, it should be changed to:
    audioClip: {
      type: cc.Texture2D // use 'type:' to define Texture2D object directly
      default: null,     // object's default value is null
    },
If you use TS, it should be changed to:
    %s: {
      type: cc.Texture2D // use 'type:' to define Texture2D object directly
    }
    %s: cc.Texture2D = null;
(This helps us to successfully refactor all RawAssets at v2.0, sorry for the inconvenience. 😰 )
2020-03-12T07:39:44.744Z - warn: Please change the definition of property 'audioClip' in class 'Touchable'. Starting from v1.10,
properties in CCClass can not be abbreviated if they are of type RawAsset.
Please use the complete form.
For example, if the type is Texture2D, the previous definition is:
    audioClip: cc.Texture2D,
If you use JS, it should be changed to:
    audioClip: {
      type: cc.Texture2D // use 'type:' to define Texture2D object directly
      default: null,     // object's default value is null
    },
If you use TS, it should be changed to:
    %s: {
      type: cc.Texture2D // use 'type:' to define Texture2D object directly
    }
    %s: cc.Texture2D = null;
(This helps us to successfully refactor all RawAssets at v2.0, sorry for the inconvenience. 😰 )
2020-03-12T07:48:27.140Z - warn: Please change the definition of property 'audioClip' in class 'Touchable'. Starting from v1.10,
properties in CCClass can not be abbreviated if they are of type RawAsset.
Please use the complete form.
For example, if the type is Texture2D, the previous definition is:
    audioClip: cc.Texture2D,
If you use JS, it should be changed to:
    audioClip: {
      type: cc.Texture2D // use 'type:' to define Texture2D object directly
      default: null,     // object's default value is null
    },
If you use TS, it should be changed to:
    %s: {
      type: cc.Texture2D // use 'type:' to define Texture2D object directly
    }
    %s: cc.Texture2D = null;
(This helps us to successfully refactor all RawAssets at v2.0, sorry for the inconvenience. 😰 )
2020-03-12T08:00:30.749Z - warn: Please change the definition of property 'audioClip' in class 'Touchable'. Starting from v1.10,
properties in CCClass can not be abbreviated if they are of type RawAsset.
Please use the complete form.
For example, if the type is Texture2D, the previous definition is:
    audioClip: cc.Texture2D,
If you use JS, it should be changed to:
    audioClip: {
      type: cc.Texture2D // use 'type:' to define Texture2D object directly
      default: null,     // object's default value is null
    },
If you use TS, it should be changed to:
    %s: {
      type: cc.Texture2D // use 'type:' to define Texture2D object directly
    }
    %s: cc.Texture2D = null;
(This helps us to successfully refactor all RawAssets at v2.0, sorry for the inconvenience. 😰 )
2020-03-12T08:03:27.775Z - warn: Please change the definition of property 'audioClip' in class 'Touchable'. Starting from v1.10,
properties in CCClass can not be abbreviated if they are of type RawAsset.
Please use the complete form.
For example, if the type is Texture2D, the previous definition is:
    audioClip: cc.Texture2D,
If you use JS, it should be changed to:
    audioClip: {
      type: cc.Texture2D // use 'type:' to define Texture2D object directly
      default: null,     // object's default value is null
    },
If you use TS, it should be changed to:
    %s: {
      type: cc.Texture2D // use 'type:' to define Texture2D object directly
    }
    %s: cc.Texture2D = null;
(This helps us to successfully refactor all RawAssets at v2.0, sorry for the inconvenience. 😰 )
2020-03-12T08:04:31.401Z - warn: Please change the definition of property 'audioClip' in class 'Touchable'. Starting from v1.10,
properties in CCClass can not be abbreviated if they are of type RawAsset.
Please use the complete form.
For example, if the type is Texture2D, the previous definition is:
    audioClip: cc.Texture2D,
If you use JS, it should be changed to:
    audioClip: {
      type: cc.Texture2D // use 'type:' to define Texture2D object directly
      default: null,     // object's default value is null
    },
If you use TS, it should be changed to:
    %s: {
      type: cc.Texture2D // use 'type:' to define Texture2D object directly
    }
    %s: cc.Texture2D = null;
(This helps us to successfully refactor all RawAssets at v2.0, sorry for the inconvenience. 😰 )
2020-03-12T08:06:03.468Z - warn: Please change the definition of property 'audioClip' in class 'Touchable'. Starting from v1.10,
properties in CCClass can not be abbreviated if they are of type RawAsset.
Please use the complete form.
For example, if the type is Texture2D, the previous definition is:
    audioClip: cc.Texture2D,
If you use JS, it should be changed to:
    audioClip: {
      type: cc.Texture2D // use 'type:' to define Texture2D object directly
      default: null,     // object's default value is null
    },
If you use TS, it should be changed to:
    %s: {
      type: cc.Texture2D // use 'type:' to define Texture2D object directly
    }
    %s: cc.Texture2D = null;
(This helps us to successfully refactor all RawAssets at v2.0, sorry for the inconvenience. 😰 )
2020-03-12T08:50:02.510Z - warn: Please change the definition of property 'audioClip' in class 'Touchable'. Starting from v1.10,
properties in CCClass can not be abbreviated if they are of type RawAsset.
Please use the complete form.
For example, if the type is Texture2D, the previous definition is:
    audioClip: cc.Texture2D,
If you use JS, it should be changed to:
    audioClip: {
      type: cc.Texture2D // use 'type:' to define Texture2D object directly
      default: null,     // object's default value is null
    },
If you use TS, it should be changed to:
    %s: {
      type: cc.Texture2D // use 'type:' to define Texture2D object directly
    }
    %s: cc.Texture2D = null;
(This helps us to successfully refactor all RawAssets at v2.0, sorry for the inconvenience. 😰 )
2020-03-12T09:00:24.398Z - warn: Please change the definition of property 'audioClip' in class 'Touchable'. Starting from v1.10,
properties in CCClass can not be abbreviated if they are of type RawAsset.
Please use the complete form.
For example, if the type is Texture2D, the previous definition is:
    audioClip: cc.Texture2D,
If you use JS, it should be changed to:
    audioClip: {
      type: cc.Texture2D // use 'type:' to define Texture2D object directly
      default: null,     // object's default value is null
    },
If you use TS, it should be changed to:
    %s: {
      type: cc.Texture2D // use 'type:' to define Texture2D object directly
    }
    %s: cc.Texture2D = null;
(This helps us to successfully refactor all RawAssets at v2.0, sorry for the inconvenience. 😰 )
2020-03-12T09:17:34.031Z - warn: Please change the definition of property 'audioClip' in class 'Touchable'. Starting from v1.10,
properties in CCClass can not be abbreviated if they are of type RawAsset.
Please use the complete form.
For example, if the type is Texture2D, the previous definition is:
    audioClip: cc.Texture2D,
If you use JS, it should be changed to:
    audioClip: {
      type: cc.Texture2D // use 'type:' to define Texture2D object directly
      default: null,     // object's default value is null
    },
If you use TS, it should be changed to:
    %s: {
      type: cc.Texture2D // use 'type:' to define Texture2D object directly
    }
    %s: cc.Texture2D = null;
(This helps us to successfully refactor all RawAssets at v2.0, sorry for the inconvenience. 😰 )
2020-03-12T09:20:16.006Z - warn: Please change the definition of property 'audioClip' in class 'Touchable'. Starting from v1.10,
properties in CCClass can not be abbreviated if they are of type RawAsset.
Please use the complete form.
For example, if the type is Texture2D, the previous definition is:
    audioClip: cc.Texture2D,
If you use JS, it should be changed to:
    audioClip: {
      type: cc.Texture2D // use 'type:' to define Texture2D object directly
      default: null,     // object's default value is null
    },
If you use TS, it should be changed to:
    %s: {
      type: cc.Texture2D // use 'type:' to define Texture2D object directly
    }
    %s: cc.Texture2D = null;
(This helps us to successfully refactor all RawAssets at v2.0, sorry for the inconvenience. 😰 )
2020-03-12T09:23:05.068Z - warn: Please change the definition of property 'audioClip' in class 'Touchable'. Starting from v1.10,
properties in CCClass can not be abbreviated if they are of type RawAsset.
Please use the complete form.
For example, if the type is Texture2D, the previous definition is:
    audioClip: cc.Texture2D,
If you use JS, it should be changed to:
    audioClip: {
      type: cc.Texture2D // use 'type:' to define Texture2D object directly
      default: null,     // object's default value is null
    },
If you use TS, it should be changed to:
    %s: {
      type: cc.Texture2D // use 'type:' to define Texture2D object directly
    }
    %s: cc.Texture2D = null;
(This helps us to successfully refactor all RawAssets at v2.0, sorry for the inconvenience. 😰 )
2020-03-12T09:24:42.382Z - warn: Please change the definition of property 'audioClip' in class 'Touchable'. Starting from v1.10,
properties in CCClass can not be abbreviated if they are of type RawAsset.
Please use the complete form.
For example, if the type is Texture2D, the previous definition is:
    audioClip: cc.Texture2D,
If you use JS, it should be changed to:
    audioClip: {
      type: cc.Texture2D // use 'type:' to define Texture2D object directly
      default: null,     // object's default value is null
    },
If you use TS, it should be changed to:
    %s: {
      type: cc.Texture2D // use 'type:' to define Texture2D object directly
    }
    %s: cc.Texture2D = null;
(This helps us to successfully refactor all RawAssets at v2.0, sorry for the inconvenience. 😰 )
2020-03-12T11:33:26.666Z - warn: Please change the definition of property 'audioClip' in class 'Touchable'. Starting from v1.10,
properties in CCClass can not be abbreviated if they are of type RawAsset.
Please use the complete form.
For example, if the type is Texture2D, the previous definition is:
    audioClip: cc.Texture2D,
If you use JS, it should be changed to:
    audioClip: {
      type: cc.Texture2D // use 'type:' to define Texture2D object directly
      default: null,     // object's default value is null
    },
If you use TS, it should be changed to:
    %s: {
      type: cc.Texture2D // use 'type:' to define Texture2D object directly
    }
    %s: cc.Texture2D = null;
(This helps us to successfully refactor all RawAssets at v2.0, sorry for the inconvenience. 😰 )
2020-03-12T11:36:10.068Z - warn: Please change the definition of property 'audioClip' in class 'Touchable'. Starting from v1.10,
properties in CCClass can not be abbreviated if they are of type RawAsset.
Please use the complete form.
For example, if the type is Texture2D, the previous definition is:
    audioClip: cc.Texture2D,
If you use JS, it should be changed to:
    audioClip: {
      type: cc.Texture2D // use 'type:' to define Texture2D object directly
      default: null,     // object's default value is null
    },
If you use TS, it should be changed to:
    %s: {
      type: cc.Texture2D // use 'type:' to define Texture2D object directly
    }
    %s: cc.Texture2D = null;
(This helps us to successfully refactor all RawAssets at v2.0, sorry for the inconvenience. 😰 )
2020-03-12T11:38:30.425Z - warn: Please change the definition of property 'audioClip' in class 'Touchable'. Starting from v1.10,
properties in CCClass can not be abbreviated if they are of type RawAsset.
Please use the complete form.
For example, if the type is Texture2D, the previous definition is:
    audioClip: cc.Texture2D,
If you use JS, it should be changed to:
    audioClip: {
      type: cc.Texture2D // use 'type:' to define Texture2D object directly
      default: null,     // object's default value is null
    },
If you use TS, it should be changed to:
    %s: {
      type: cc.Texture2D // use 'type:' to define Texture2D object directly
    }
    %s: cc.Texture2D = null;
(This helps us to successfully refactor all RawAssets at v2.0, sorry for the inconvenience. 😰 )
2020-03-12T11:39:25.309Z - warn: Please change the definition of property 'audioClip' in class 'Touchable'. Starting from v1.10,
properties in CCClass can not be abbreviated if they are of type RawAsset.
Please use the complete form.
For example, if the type is Texture2D, the previous definition is:
    audioClip: cc.Texture2D,
If you use JS, it should be changed to:
    audioClip: {
      type: cc.Texture2D // use 'type:' to define Texture2D object directly
      default: null,     // object's default value is null
    },
If you use TS, it should be changed to:
    %s: {
      type: cc.Texture2D // use 'type:' to define Texture2D object directly
    }
    %s: cc.Texture2D = null;
(This helps us to successfully refactor all RawAssets at v2.0, sorry for the inconvenience. 😰 )
2020-03-12T11:39:57.264Z - warn: Please change the definition of property 'audioClip' in class 'Touchable'. Starting from v1.10,
properties in CCClass can not be abbreviated if they are of type RawAsset.
Please use the complete form.
For example, if the type is Texture2D, the previous definition is:
    audioClip: cc.Texture2D,
If you use JS, it should be changed to:
    audioClip: {
      type: cc.Texture2D // use 'type:' to define Texture2D object directly
      default: null,     // object's default value is null
    },
If you use TS, it should be changed to:
    %s: {
      type: cc.Texture2D // use 'type:' to define Texture2D object directly
    }
    %s: cc.Texture2D = null;
(This helps us to successfully refactor all RawAssets at v2.0, sorry for the inconvenience. 😰 )
2020-03-12T11:41:00.079Z - warn: Please change the definition of property 'audioClip' in class 'Touchable'. Starting from v1.10,
properties in CCClass can not be abbreviated if they are of type RawAsset.
Please use the complete form.
For example, if the type is Texture2D, the previous definition is:
    audioClip: cc.Texture2D,
If you use JS, it should be changed to:
    audioClip: {
      type: cc.Texture2D // use 'type:' to define Texture2D object directly
      default: null,     // object's default value is null
    },
If you use TS, it should be changed to:
    %s: {
      type: cc.Texture2D // use 'type:' to define Texture2D object directly
    }
    %s: cc.Texture2D = null;
(This helps us to successfully refactor all RawAssets at v2.0, sorry for the inconvenience. 😰 )
2020-03-12T11:43:54.194Z - warn: Please change the definition of property 'audioClip' in class 'Touchable'. Starting from v1.10,
properties in CCClass can not be abbreviated if they are of type RawAsset.
Please use the complete form.
For example, if the type is Texture2D, the previous definition is:
    audioClip: cc.Texture2D,
If you use JS, it should be changed to:
    audioClip: {
      type: cc.Texture2D // use 'type:' to define Texture2D object directly
      default: null,     // object's default value is null
    },
If you use TS, it should be changed to:
    %s: {
      type: cc.Texture2D // use 'type:' to define Texture2D object directly
    }
    %s: cc.Texture2D = null;
(This helps us to successfully refactor all RawAssets at v2.0, sorry for the inconvenience. 😰 )
2020-03-12T11:47:16.272Z - warn: Please change the definition of property 'audioClip' in class 'Touchable'. Starting from v1.10,
properties in CCClass can not be abbreviated if they are of type RawAsset.
Please use the complete form.
For example, if the type is Texture2D, the previous definition is:
    audioClip: cc.Texture2D,
If you use JS, it should be changed to:
    audioClip: {
      type: cc.Texture2D // use 'type:' to define Texture2D object directly
      default: null,     // object's default value is null
    },
If you use TS, it should be changed to:
    %s: {
      type: cc.Texture2D // use 'type:' to define Texture2D object directly
    }
    %s: cc.Texture2D = null;
(This helps us to successfully refactor all RawAssets at v2.0, sorry for the inconvenience. 😰 )
